c:\users\александр\onedrive\репетиторство\программирование\c++\code samples c++\code samples c++\x64\debug\code samples c++.pch
c:\users\александр\onedrive\репетиторство\программирование\c++\code samples c++\code samples c++\x64\debug\vc141.pdb
c:\users\александр\onedrive\репетиторство\программирование\c++\code samples c++\code samples c++\x64\debug\vc141.idb
c:\users\александр\onedrive\репетиторство\программирование\c++\code samples c++\code samples c++\x64\debug\stdafx.obj
c:\users\александр\onedrive\репетиторство\программирование\c++\code samples c++\code samples c++\x64\debug\vc142.pdb
c:\users\александр\onedrive\репетиторство\программирование\c++\code samples c++\code samples c++\x64\debug\vc142.idb
c:\users\александр\onedrive\репетиторство\программирование\c++\code samples c++\code samples c++\x64\debug\knight.obj
c:\users\александр\onedrive\репетиторство\программирование\c++\code samples c++\code samples c++\x64\debug\infoio.obj
c:\users\александр\onedrive\репетиторство\программирование\c++\code samples c++\code samples c++\x64\debug\hamming.obj
c:\users\александр\onedrive\репетиторство\программирование\c++\code samples c++\code samples c++\x64\debug\fileio.obj
c:\users\александр\onedrive\репетиторство\программирование\c++\code samples c++\code samples c++\x64\debug\field.obj
c:\users\александр\onedrive\репетиторство\программирование\c++\code samples c++\code samples c++\x64\debug\converter.obj
c:\users\александр\onedrive\репетиторство\программирование\c++\code samples c++\code samples c++\x64\debug\code samples c++.obj
c:\users\александр\onedrive\репетиторство\программирование\c++\code samples c++\code samples c++\x64\debug\chessfigure.obj
c:\users\александр\onedrive\репетиторство\программирование\c++\code samples c++\code samples c++\x64\debug\chess.obj
c:\users\александр\onedrive\репетиторство\программирование\c++\code samples c++\code samples c++\x64\debug\cell.obj
c:\users\александр\onedrive\репетиторство\программирование\c++\code samples c++\code samples c++\x64\debug\calculator.obj
c:\users\александр\onedrive\репетиторство\программирование\c++\code samples c++\code samples c++\x64\debug\bssettingmenu.obj
c:\users\александр\onedrive\репетиторство\программирование\c++\code samples c++\code samples c++\x64\debug\bsmainmenu.obj
c:\users\александр\onedrive\репетиторство\программирование\c++\code samples c++\code samples c++\x64\debug\bsingamemenu.obj
c:\users\александр\onedrive\репетиторство\программирование\c++\code samples c++\code samples c++\x64\debug\bship.obj
c:\users\александр\onedrive\репетиторство\программирование\c++\code samples c++\code samples c++\x64\debug\bsgame.obj
c:\users\александр\onedrive\репетиторство\программирование\c++\code samples c++\code samples c++\x64\debug\bsbot.obj
c:\users\александр\onedrive\репетиторство\программирование\c++\code samples c++\code samples c++\x64\debug\binarytree.obj
c:\users\александр\onedrive\репетиторство\программирование\c++\code samples c++\code samples c++\x64\debug\binarysearch.obj
c:\users\александр\onedrive\репетиторство\программирование\c++\code samples c++\code samples c++\x64\debug\arrayhelper.obj
c:\users\александр\onedrive\репетиторство\программирование\c++\code samples c++\code samples c++\x64\debug\xogame.obj
c:\users\александр\onedrive\репетиторство\программирование\c++\code samples c++\code samples c++\x64\debug\treenode.obj
c:\users\александр\onedrive\репетиторство\программирование\c++\code samples c++\code samples c++\x64\debug\templateclass.obj
c:\users\александр\onedrive\репетиторство\программирование\c++\code samples c++\code samples c++\x64\debug\strhelper.obj
c:\users\александр\onedrive\репетиторство\программирование\c++\code samples c++\code samples c++\x64\debug\stackwithcommands.obj
c:\users\александр\onedrive\репетиторство\программирование\c++\code samples c++\code samples c++\x64\debug\stack.obj
c:\users\александр\onedrive\репетиторство\программирование\c++\code samples c++\code samples c++\x64\debug\sortsadvanced.obj
c:\users\александр\onedrive\репетиторство\программирование\c++\code samples c++\code samples c++\x64\debug\sorts.obj
c:\users\александр\onedrive\репетиторство\программирование\c++\code samples c++\code samples c++\x64\debug\serializator.obj
c:\users\александр\onedrive\репетиторство\программирование\c++\code samples c++\code samples c++\x64\debug\random.obj
c:\users\александр\onedrive\репетиторство\программирование\c++\code samples c++\code samples c++\x64\debug\polandstr.obj
c:\users\александр\onedrive\репетиторство\программирование\c++\code samples c++\code samples c++\x64\debug\player.obj
c:\users\александр\onedrive\репетиторство\программирование\c++\code samples c++\code samples c++\x64\debug\pair.obj
c:\users\александр\onedrive\репетиторство\программирование\c++\code samples c++\code samples c++\x64\debug\obfuscator.obj
c:\users\александр\onedrive\репетиторство\программирование\c++\code samples c++\code samples c++\x64\debug\numbersystems.obj
c:\users\александр\onedrive\репетиторство\программирование\c++\code samples c++\code samples c++\x64\debug\menu.obj
c:\users\александр\onedrive\репетиторство\программирование\c++\code samples c++\code samples c++\x64\debug\matrix.obj
c:\users\александр\onedrive\репетиторство\программирование\c++\code samples c++\code samples c++\x64\debug\maparray.obj
c:\users\александр\onedrive\репетиторство\программирование\c++\code samples c++\code samples c++\x64\debug\longval.obj
c:\users\александр\onedrive\репетиторство\программирование\c++\code samples c++\code samples c++\x64\debug\longcalc.obj
c:\users\александр\onedrive\репетиторство\программирование\c++\code samples c++\code samples c++\x64\debug\zebra.obj
c:\users\александр\onedrive\репетиторство\программирование\c++\code samples c++\x64\debug\code samples c++.exe
c:\users\александр\onedrive\репетиторство\программирование\c++\code samples c++\x64\debug\code samples c++.ilk
c:\users\александр\onedrive\репетиторство\программирование\c++\code samples c++\x64\debug\code samples c++.pdb
c:\users\александр\onedrive\репетиторство\программирование\c++\code samples c++\code samples c++\x64\debug\code samples c++.tlog\cl.command.1.tlog
c:\users\александр\onedrive\репетиторство\программирование\c++\code samples c++\code samples c++\x64\debug\code samples c++.tlog\cl.read.1.tlog
c:\users\александр\onedrive\репетиторство\программирование\c++\code samples c++\code samples c++\x64\debug\code samples c++.tlog\cl.write.1.tlog
c:\users\александр\onedrive\репетиторство\программирование\c++\code samples c++\code samples c++\x64\debug\code samples c++.tlog\link.command.1.tlog
c:\users\александр\onedrive\репетиторство\программирование\c++\code samples c++\code samples c++\x64\debug\code samples c++.tlog\link.read.1.tlog
c:\users\александр\onedrive\репетиторство\программирование\c++\code samples c++\code samples c++\x64\debug\code samples c++.tlog\link.write.1.tlog
